<?xml version="1.0" encoding="UTF-8"?>
<testng-results skipped="0" failed="0" total="1" passed="1">
  <reporter-output>
  </reporter-output>
  <suite name="Suite" duration-ms="53" started-at="2015-08-22T14:23:39Z" finished-at="2015-08-22T14:23:39Z">
    <groups>
    </groups>
    <test name="Test" duration-ms="53" started-at="2015-08-22T14:23:39Z" finished-at="2015-08-22T14:23:39Z">
      <class name="mproj.FarmPickMavenProject.Base2">
        <test-method status="PASS" signature="go()[pri:0, instance:mproj.FarmPickMavenProject.Base2@10375b3]" name="go" duration-ms="19" started-at="2015-08-22T19:53:39Z" finished-at="2015-08-22T19:53:39Z">
          <reporter-output>
          </reporter-output>
        </test-method> <!-- go -->
      </class> <!-- mproj.FarmPickMavenProject.Base2 -->
    </test> <!-- Test -->
  </suite> <!-- Suite -->
</testng-results>
