<?xml version="1.0" encoding="UTF-8"?>
<testng-results skipped="0" failed="0" total="1" passed="1">
  <reporter-output>
  </reporter-output>
  <suite name="Suite" duration-ms="92" started-at="2015-08-20T03:05:07Z" finished-at="2015-08-20T03:05:07Z">
    <groups>
    </groups>
    <test name="Test" duration-ms="92" started-at="2015-08-20T03:05:07Z" finished-at="2015-08-20T03:05:07Z">
      <class name="mproj.FarmPickMavenProject.Base2">
        <test-method status="PASS" signature="go()[pri:0, instance:mproj.FarmPickMavenProject.Base2@1bc7afb]" name="go" duration-ms="45" started-at="2015-08-20T08:35:07Z" finished-at="2015-08-20T08:35:07Z">
          <reporter-output>
          </reporter-output>
        </test-method> <!-- go -->
      </class> <!-- mproj.FarmPickMavenProject.Base2 -->
    </test> <!-- Test -->
  </suite> <!-- Suite -->
</testng-results>
